# JRE version: OpenJDK Runtime Environment Temurin-21.0.2+13 (21.0.2+13) (build 21.0.2+13-LTS)
# Java VM: OpenJDK 64-Bit Server VM Temurin-21.0.2+13 (21.0.2+13-LTS, mixed mode, emulated-client, sharing, tiered, compressed oops, compressed class ptrs, g1 gc, windows-amd64)
GC Precious Log:
 CardTable entry size: 512
 Card Set container configuration: InlinePtr #cards 4 size 8 Array Of Cards #cards 16 size 48 Howl #buckets 8 coarsen threshold 3686 Howl Bitmap #cards 512 size 80 coarsen threshold 460 Card regions per heap region 1 cards per card region 4096
 CPUs: 4 total, 4 available
 Memory: 16159M
 Large Page Support: Disabled
 NUMA Support: Disabled
 Compressed Oops: Enabled (Zero based)
 Heap Region Size: 2M
 Heap Min Capacity: 8M
 Heap Initial Capacity: 254M
 Heap Max Capacity: 4040M
 Pre-touch: Disabled
 Parallel Workers: 4
 Concurrent Workers: 1
 Concurrent Refinement Workers: 4
 Periodic GC: Disabled
Heap:
 garbage-first heap   total 55296K, used 46721K [0x0000000703800000, 0x0000000800000000)
  region size 2048K, 18 young (36864K), 2 survivors (4096K)
 Metaspace       used 37778K, committed 38720K, reserved 1114112K
  class space    used 4997K, committed 5376K, reserved 1048576K
GC Heap History (20 events):
Event: 1.072 GC heap after
{Heap after GC invocations=2 (full 0):
 garbage-first heap   total 260096K, used 6055K [0x0000000703800000, 0x0000000800000000)
  region size 2048K, 1 young (2048K), 1 survivors (2048K)
 Metaspace       used 6525K, committed 6784K, reserved 1114112K
  class space    used 713K, committed 832K, reserved 1048576K
}
Event: 1.635 GC heap before
{Heap before GC invocations=2 (full 0):
 garbage-first heap   total 260096K, used 38823K [0x0000000703800000, 0x0000000800000000)
  region size 2048K, 17 young (34816K), 1 survivors (2048K)
 Metaspace       used 10907K, committed 11200K, reserved 1114112K
  class space    used 1288K, committed 1408K, reserved 1048576K
}
Event: 1.640 GC heap after
{Heap after GC invocations=3 (full 0):
 garbage-first heap   total 260096K, used 7456K [0x0000000703800000, 0x0000000800000000)
  region size 2048K, 2 young (4096K), 2 survivors (4096K)
 Metaspace       used 10907K, committed 11200K, reserved 1114112K
  class space    used 1288K, committed 1408K, reserved 1048576K
}
Event: 2.804 GC heap before
{Heap before GC invocations=3 (full 0):
 garbage-first heap   total 260096K, used 118048K [0x0000000703800000, 0x0000000800000000)
  region size 2048K, 58 young (118784K), 2 survivors (4096K)
 Metaspace       used 21187K, committed 21504K, reserved 1114112K
  class space    used 2703K, committed 2880K, reserved 1048576K
}
Event: 2.810 GC heap after
{Heap after GC invocations=4 (full 0):
 garbage-first heap   total 260096K, used 10401K [0x0000000703800000, 0x0000000800000000)
  region size 2048K, 3 young (6144K), 3 survivors (6144K)
 Metaspace       used 21187K, committed 21504K, reserved 1114112K
  class space    used 2703K, committed 2880K, reserved 1048576K
}
Event: 3.095 GC heap before
{Heap before GC invocations=5 (full 0):
 garbage-first heap   total 49152K, used 32929K [0x0000000703800000, 0x0000000800000000)
  region size 2048K, 14 young (28672K), 3 survivors (6144K)
 Metaspace       used 22410K, committed 22784K, reserved 1114112K
  class space    used 2881K, committed 3072K, reserved 1048576K
}
Event: 3.102 GC heap after
{Heap after GC invocations=6 (full 0):
 garbage-first heap   total 49152K, used 12308K [0x0000000703800000, 0x0000000800000000)
  region size 2048K, 1 young (2048K), 1 survivors (2048K)
 Metaspace       used 22410K, committed 22784K, reserved 1114112K
  class space    used 2881K, committed 3072K, reserved 1048576K
}
Event: 3.529 GC heap before
{Heap before GC invocations=6 (full 0):
 garbage-first heap   total 49152K, used 38932K [0x0000000703800000, 0x0000000800000000)
  region size 2048K, 14 young (28672K), 1 survivors (2048K)
 Metaspace       used 23643K, committed 24064K, reserved 1114112K
  class space    used 3067K, committed 3264K, reserved 1048576K
}
Event: 3.533 GC heap after
{Heap after GC invocations=7 (full 0):
 garbage-first heap   total 49152K, used 13459K [0x0000000703800000, 0x0000000800000000)
  region size 2048K, 2 young (4096K), 2 survivors (4096K)
 Metaspace       used 23643K, committed 24064K, reserved 1114112K
  class space    used 3067K, committed 3264K, reserved 1048576K
}
Event: 3.878 GC heap before
{Heap before GC invocations=7 (full 0):
 garbage-first heap   total 49152K, used 35987K [0x0000000703800000, 0x0000000800000000)
  region size 2048K, 14 young (28672K), 2 survivors (4096K)
 Metaspace       used 25232K, committed 25600K, reserved 1114112K
  class space    used 3310K, committed 3456K, reserved 1048576K
}
Event: 3.885 GC heap after
{Heap after GC invocations=8 (full 0):
 garbage-first heap   total 49152K, used 14246K [0x0000000703800000, 0x0000000800000000)
  region size 2048K, 2 young (4096K), 2 survivors (4096K)
 Metaspace       used 25232K, committed 25600K, reserved 1114112K
  class space    used 3310K, committed 3456K, reserved 1048576K
}
Event: 4.297 GC heap before
{Heap before GC invocations=8 (full 0):
 garbage-first heap   total 49152K, used 38822K [0x0000000703800000, 0x0000000800000000)
  region size 2048K, 14 young (28672K), 2 survivors (4096K)
 Metaspace       used 27588K, committed 28160K, reserved 1114112K
  class space    used 3676K, committed 3968K, reserved 1048576K
}
Event: 4.302 GC heap after
{Heap after GC invocations=9 (full 0):
 garbage-first heap   total 155648K, used 15800K [0x0000000703800000, 0x0000000800000000)
  region size 2048K, 2 young (4096K), 2 survivors (4096K)
 Metaspace       used 27588K, committed 28160K, reserved 1114112K
  class space    used 3676K, committed 3968K, reserved 1048576K
}
Event: 5.401 GC heap before
{Heap before GC invocations=9 (full 0):
 garbage-first heap   total 155648K, used 91576K [0x0000000703800000, 0x0000000800000000)
  region size 2048K, 40 young (81920K), 2 survivors (4096K)
 Metaspace       used 35495K, committed 36096K, reserved 1114112K
  class space    used 4683K, committed 4992K, reserved 1048576K
}
Event: 5.415 GC heap after
{Heap after GC invocations=10 (full 0):
 garbage-first heap   total 155648K, used 19485K [0x0000000703800000, 0x0000000800000000)
  region size 2048K, 4 young (8192K), 4 survivors (8192K)
 Metaspace       used 35495K, committed 36096K, reserved 1114112K
  class space    used 4683K, committed 4992K, reserved 1048576K
}
Event: 309.860 GC heap before
{Heap before GC invocations=11 (full 0):
 garbage-first heap   total 90112K, used 64541K [0x0000000703800000, 0x0000000800000000)
  region size 2048K, 26 young (53248K), 4 survivors (8192K)
 Metaspace       used 37831K, committed 38528K, reserved 1114112K
  class space    used 5023K, committed 5312K, reserved 1048576K
}
Event: 309.870 GC heap after
{Heap after GC invocations=12 (full 0):
 garbage-first heap   total 90112K, used 20992K [0x0000000703800000, 0x0000000800000000)
  region size 2048K, 3 young (6144K), 3 survivors (6144K)
 Metaspace       used 37831K, committed 38528K, reserved 1114112K
  class space    used 5023K, committed 5312K, reserved 1048576K
}
Event: 577.257 GC heap before
{Heap before GC invocations=12 (full 0):
 garbage-first heap   total 90112K, used 33280K [0x0000000703800000, 0x0000000800000000)
  region size 2048K, 10 young (20480K), 3 survivors (6144K)
 Metaspace       used 37983K, committed 38720K, reserved 1114112K
  class space    used 5050K, committed 5376K, reserved 1048576K
}
Event: 577.286 GC heap after
{Heap after GC invocations=13 (full 1):
 garbage-first heap   total 55296K, used 13953K [0x0000000703800000, 0x0000000800000000)
  region size 2048K, 0 young (0K), 0 survivors (0K)
 Metaspace       used 37640K, committed 38720K, reserved 1114112K
  class space    used 4963K, committed 5376K, reserved 1048576K
}
Event: 1021.663 GC heap before
{Heap before GC invocations=13 (full 1):
 garbage-first heap   total 55296K, used 44673K [0x0000000703800000, 0x0000000800000000)
  region size 2048K, 16 young (32768K), 0 survivors (0K)
 Metaspace       used 37778K, committed 38720K, reserved 1114112K
  class space    used 4997K, committed 5376K, reserved 1048576K
}

